2026-03-23 14:12:03.382707 | SUCCESS latency=0.0010056495666503906
2026-03-23 14:12:03.493589 | SUCCESS latency=0.00022864341735839844
2026-03-23 14:12:03.494732 | SUCCESS latency=0.00019979476928710938
2026-03-23 14:12:03.495933 | SUCCESS latency=0.00018286705017089844
2026-03-23 14:12:03.497172 | SUCCESS latency=0.00032806396484375
2026-03-23 14:12:03.498307 | SUCCESS latency=0.00018858909606933594
2026-03-23 14:12:03.499172 | SUCCESS latency=0.00016880035400390625
2026-03-23 14:12:03.500146 | SUCCESS latency=0.00019598007202148438
2026-03-23 14:12:03.501354 | SUCCESS latency=0.0002155303955078125
2026-03-23 14:12:03.502830 | SUCCESS latency=0.00015425682067871094
2026-03-23 14:12:03.504089 | SUCCESS latency=0.0001628398895263672
2026-03-23 14:12:03.506022 | SUCCESS latency=0.00014281272888183594
2026-03-23 14:12:03.507466 | SUCCESS latency=0.00019240379333496094
2026-03-23 14:12:03.508707 | SUCCESS latency=0.0001373291015625
2026-03-23 14:12:03.509666 | SUCCESS latency=0.00010251998901367188
2026-03-23 14:12:03.510768 | SUCCESS latency=0.00024771690368652344
2026-03-23 14:12:03.512065 | SUCCESS latency=0.00016498565673828125
2026-03-23 14:12:03.513577 | SUCCESS latency=0.00015306472778320312
2026-03-23 14:12:03.514852 | SUCCESS latency=0.00025725364685058594
2026-03-23 14:12:03.516112 | SUCCESS latency=0.00031876564025878906
2026-03-23 14:12:03.518255 | SUCCESS latency=0.0003745555877685547
2026-03-23 14:12:03.519651 | SUCCESS latency=0.00016689300537109375
2026-03-23 14:12:03.520985 | SUCCESS latency=0.00020837783813476562
2026-03-23 14:12:03.522570 | SUCCESS latency=0.0002636909484863281
2026-03-23 14:12:03.524127 | SUCCESS latency=0.00017189979553222656
2026-03-23 14:12:03.525440 | SUCCESS latency=0.00024390220642089844
2026-03-23 14:12:03.526557 | SUCCESS latency=0.00024318695068359375
2026-03-23 14:12:03.528016 | SUCCESS latency=0.00032830238342285156
2026-03-23 14:12:03.529557 | SUCCESS latency=0.0003037452697753906
2026-03-23 14:12:03.530814 | SUCCESS latency=0.0001552104949951172
2026-03-23 14:12:03.532108 | SUCCESS latency=0.00021910667419433594
2026-03-23 14:12:03.533587 | SUCCESS latency=0.00017547607421875
2026-03-23 14:12:03.534849 | SUCCESS latency=0.00019884109497070312
2026-03-23 14:12:03.536415 | SUCCESS latency=0.00020074844360351562
2026-03-23 14:12:03.537886 | SUCCESS latency=0.00023126602172851562
2026-03-23 14:12:03.539077 | SUCCESS latency=0.000171661376953125
2026-03-23 14:12:03.540308 | SUCCESS latency=0.00015091896057128906
2026-03-23 14:12:03.541495 | SUCCESS latency=0.00024127960205078125
2026-03-23 14:12:03.542684 | SUCCESS latency=0.0001537799835205078
2026-03-23 14:12:03.543927 | SUCCESS latency=0.00025200843811035156
2026-03-23 14:12:03.545583 | SUCCESS latency=0.0002009868621826172
2026-03-23 14:12:03.547079 | SUCCESS latency=0.00015354156494140625
2026-03-23 14:12:03.548484 | SUCCESS latency=0.00017786026000976562
2026-03-23 14:12:03.549739 | SUCCESS latency=0.0002181529998779297
2026-03-23 14:12:03.550858 | SUCCESS latency=0.00020456314086914062
2026-03-23 14:12:03.552382 | SUCCESS latency=0.00016355514526367188
2026-03-23 14:12:03.554461 | SUCCESS latency=0.00019240379333496094
2026-03-23 14:12:03.555858 | SUCCESS latency=0.00019812583923339844
2026-03-23 14:12:03.557083 | SUCCESS latency=0.00018215179443359375
2026-03-23 14:12:03.558256 | SUCCESS latency=0.00017714500427246094
2026-03-23 14:12:03.559392 | SUCCESS latency=0.0001125335693359375
2026-03-23 14:12:03.560462 | SUCCESS latency=0.00017833709716796875
2026-03-23 14:12:03.562315 | SUCCESS latency=0.0003447532653808594
2026-03-23 14:12:03.563718 | SUCCESS latency=0.00017905235290527344
2026-03-23 14:12:03.564856 | SUCCESS latency=0.00017142295837402344
2026-03-23 14:12:03.566342 | SUCCESS latency=0.0005216598510742188
2026-03-23 14:12:03.567848 | SUCCESS latency=0.0001659393310546875
2026-03-23 14:12:03.570033 | SUCCESS latency=0.0003268718719482422
2026-03-23 14:12:03.571494 | SUCCESS latency=0.00016641616821289062
2026-03-23 14:12:03.572659 | SUCCESS latency=0.00021147727966308594
2026-03-23 14:12:03.573789 | SUCCESS latency=0.00020074844360351562
2026-03-23 14:12:03.574786 | SUCCESS latency=0.00017547607421875
2026-03-23 14:12:03.575875 | SUCCESS latency=0.00021266937255859375
2026-03-23 14:12:03.578049 | SUCCESS latency=0.0001888275146484375
2026-03-23 14:12:03.579300 | SUCCESS latency=0.0001437664031982422
2026-03-23 14:12:03.580565 | SUCCESS latency=0.00019550323486328125
2026-03-23 14:12:03.581743 | SUCCESS latency=0.0001518726348876953
2026-03-23 14:12:03.583268 | SUCCESS latency=0.0003712177276611328
2026-03-23 14:12:03.584859 | SUCCESS latency=0.00018835067749023438
2026-03-23 14:12:03.587428 | SUCCESS latency=0.0001964569091796875
2026-03-23 14:12:03.588841 | SUCCESS latency=0.00015425682067871094
2026-03-23 14:12:03.590112 | SUCCESS latency=0.00021910667419433594
2026-03-23 14:12:03.591204 | SUCCESS latency=0.00019812583923339844
2026-03-23 14:12:03.592302 | SUCCESS latency=0.00017070770263671875
2026-03-23 14:12:03.594270 | SUCCESS latency=0.00019788742065429688
2026-03-23 14:12:03.595522 | SUCCESS latency=0.0001633167266845703
2026-03-23 14:12:03.596878 | SUCCESS latency=0.00018167495727539062
2026-03-23 14:12:03.598220 | SUCCESS latency=0.0002560615539550781
2026-03-23 14:12:22.989754 | SUCCESS latency=0.00019073486328125
2026-03-23 14:12:22.991932 | SUCCESS latency=0.0001747608184814453
2026-03-23 14:12:22.993774 | SUCCESS latency=0.00011754035949707031
2026-03-23 14:12:22.995271 | SUCCESS latency=9.918212890625e-05
2026-03-23 14:12:22.997572 | SUCCESS latency=0.00022649765014648438
2026-03-23 14:12:22.999805 | SUCCESS latency=0.00020384788513183594
2026-03-23 14:12:23.001839 | SUCCESS latency=0.00013065338134765625
2026-03-23 14:12:23.003703 | SUCCESS latency=0.0001633167266845703
2026-03-23 14:12:23.005498 | SUCCESS latency=0.0001201629638671875
2026-03-23 14:12:23.007822 | SUCCESS latency=0.0001468658447265625
2026-03-23 14:12:23.009723 | SUCCESS latency=0.0001220703125
2026-03-23 14:12:23.011418 | SUCCESS latency=0.0001373291015625
2026-03-23 14:12:23.013101 | SUCCESS latency=0.00011420249938964844
2026-03-23 14:12:23.014700 | SUCCESS latency=0.00014090538024902344
2026-03-23 14:12:23.016322 | SUCCESS latency=0.0001404285430908203
2026-03-23 14:12:23.018441 | SUCCESS latency=0.0001671314239501953
2026-03-23 14:12:23.020597 | SUCCESS latency=0.00020599365234375
2026-03-23 14:12:23.022744 | SUCCESS latency=0.00015282630920410156
2026-03-23 14:12:23.024841 | SUCCESS latency=0.0001785755157470703
2026-03-23 14:12:23.026456 | SUCCESS latency=0.00013256072998046875
2026-03-23 14:12:23.028395 | SUCCESS latency=0.0001747608184814453
2026-03-23 14:12:23.029918 | SUCCESS latency=0.00014853477478027344
2026-03-23 14:12:23.031448 | SUCCESS latency=0.00010991096496582031
2026-03-23 14:12:23.032922 | SUCCESS latency=0.00011277198791503906
2026-03-23 14:12:23.034426 | SUCCESS latency=0.00012540817260742188
2026-03-23 14:12:23.037733 | SUCCESS latency=0.0014429092407226562
2026-03-23 14:12:23.039861 | SUCCESS latency=0.00016736984252929688
2026-03-23 14:12:23.041883 | SUCCESS latency=0.00014901161193847656
2026-03-23 14:12:23.043808 | SUCCESS latency=0.00014829635620117188
2026-03-23 14:12:23.045667 | SUCCESS latency=0.0001595020294189453
2026-03-23 14:12:23.047356 | SUCCESS latency=0.0001232624053955078
2026-03-23 14:12:23.048740 | SUCCESS latency=0.00010776519775390625
2026-03-23 14:12:23.050288 | SUCCESS latency=0.00011658668518066406
2026-03-23 14:12:23.052076 | SUCCESS latency=0.00015735626220703125
2026-03-23 14:12:23.053860 | SUCCESS latency=0.00011754035949707031
2026-03-23 14:12:23.055226 | SUCCESS latency=0.0001087188720703125
2026-03-23 14:12:23.056727 | SUCCESS latency=0.0001385211944580078
2026-03-23 14:12:23.058342 | SUCCESS latency=0.00010442733764648438
2026-03-23 14:12:23.059827 | SUCCESS latency=0.00011038780212402344
2026-03-23 14:12:23.061354 | SUCCESS latency=0.00011110305786132812
2026-03-23 14:12:23.062746 | SUCCESS latency=0.00012350082397460938
2026-03-23 14:12:23.064016 | SUCCESS latency=9.608268737792969e-05
2026-03-23 14:12:23.065324 | SUCCESS latency=0.00010418891906738281
2026-03-23 14:12:23.067232 | SUCCESS latency=0.0001735687255859375
2026-03-23 14:12:23.069421 | SUCCESS latency=0.00015091896057128906
2026-03-23 14:12:23.070908 | SUCCESS latency=0.00011348724365234375
2026-03-23 14:12:23.072231 | SUCCESS latency=0.0001163482666015625
2026-03-23 14:12:23.073998 | SUCCESS latency=0.000152587890625
2026-03-23 14:12:23.075759 | SUCCESS latency=0.00013327598571777344
2026-03-23 14:37:14.817601 | SUCCESS latency=0.0001678466796875
2026-03-23 14:37:18.120300 | REJECTED RELAY ATTACK latency=0.3006711006164551
2026-03-23 14:37:18.122219 | SUCCESS latency=0.0002834796905517578
2026-03-23 14:37:21.123942 | REJECTED REPLAY ATTACK latency=0.0001590251922607422
2026-03-23 14:37:21.125518 | SUCCESS latency=0.0002048015594482422
2026-03-23 14:37:24.128098 | SUCCESS latency=0.00041937828063964844
2026-03-23 14:37:27.130925 | SUCCESS latency=0.00045180320739746094
2026-03-23 14:37:30.133786 | SUCCESS latency=0.00043201446533203125
2026-03-23 14:37:33.136688 | SUCCESS latency=0.00037097930908203125
2026-03-23 14:37:36.139512 | SUCCESS latency=0.0002758502960205078
2026-03-23 14:37:39.142475 | SUCCESS latency=0.0003826618194580078
2026-03-23 14:37:42.144671 | SUCCESS latency=0.0002124309539794922
2026-03-23 14:37:45.147290 | SUCCESS latency=0.00038361549377441406
2026-03-23 14:37:48.149394 | SUCCESS latency=0.0001919269561767578
2026-03-23 14:37:51.151659 | SUCCESS latency=0.0003802776336669922
2026-03-23 14:37:54.154159 | SUCCESS latency=0.0003273487091064453
2026-03-24 14:23:31.547815 | SUCCESS latency=0.0010955333709716797
2026-03-24 14:23:34.549729 | SUCCESS latency=0.00017690658569335938
2026-03-24 14:23:37.552207 | SUCCESS latency=0.00021338462829589844
2026-03-24 14:23:40.854858 | REJECTED RELAY ATTACK latency=0.3009147644042969
2026-03-24 14:23:40.857570 | SUCCESS latency=0.0005056858062744141
2026-03-24 14:23:43.859468 | REJECTED REPLAY ATTACK latency=0.00016498565673828125
2026-03-24 14:23:43.860955 | SUCCESS latency=0.00021529197692871094
2026-03-24 14:23:46.862767 | SUCCESS latency=0.0002384185791015625
2026-03-24 14:23:49.864560 | SUCCESS latency=0.00021028518676757812
2026-03-24 14:23:52.866844 | SUCCESS latency=0.0003180503845214844
2026-03-24 14:23:55.869040 | SUCCESS latency=0.00025153160095214844
2026-03-24 14:23:58.871485 | SUCCESS latency=0.0002932548522949219
2026-03-24 14:24:01.873758 | SUCCESS latency=0.00022363662719726562
2026-03-24 14:24:04.875572 | SUCCESS latency=0.00021767616271972656
2026-03-24 14:24:07.878930 | SUCCESS latency=0.00039839744567871094
2026-03-24 14:24:10.881449 | SUCCESS latency=0.0002841949462890625
2026-03-24 14:24:13.883397 | SUCCESS latency=0.00022912025451660156
2026-03-24 14:24:16.885258 | SUCCESS latency=0.0002694129943847656
2026-03-24 14:24:19.887219 | SUCCESS latency=0.0001964569091796875
2026-03-24 14:24:22.889231 | SUCCESS latency=0.00021386146545410156
2026-03-24 14:24:25.890992 | SUCCESS latency=0.0001933574676513672
2026-03-24 14:24:28.893830 | SUCCESS latency=0.00022935867309570312
2026-03-24 14:24:31.896439 | SUCCESS latency=0.00031566619873046875
2026-03-24 14:24:34.976694 | SUCCESS latency=0.0003161430358886719
2026-03-24 14:24:37.978760 | SUCCESS latency=0.0002923011779785156
2026-03-24 14:24:40.981122 | SUCCESS latency=0.00025534629821777344
2026-03-24 14:24:43.983091 | SUCCESS latency=0.0002028942108154297
2026-03-24 14:24:46.985044 | SUCCESS latency=0.00028777122497558594
2026-03-24 14:24:49.986905 | SUCCESS latency=0.000213623046875
2026-03-24 14:24:52.988746 | SUCCESS latency=0.00026106834411621094
2026-03-24 14:24:55.990792 | SUCCESS latency=0.0003294944763183594
2026-03-24 14:24:58.993371 | SUCCESS latency=0.00037550926208496094
2026-03-24 14:25:01.996013 | SUCCESS latency=0.00035858154296875
2026-03-24 14:25:04.998249 | SUCCESS latency=0.0002467632293701172
2026-03-24 14:25:08.000755 | SUCCESS latency=0.0002741813659667969
2026-03-24 14:25:11.003636 | SUCCESS latency=0.00026702880859375
2026-03-24 14:25:14.005690 | SUCCESS latency=0.0002760887145996094
2026-03-24 14:25:17.007974 | SUCCESS latency=0.0002868175506591797
2026-03-24 14:25:20.010060 | SUCCESS latency=0.00025343894958496094
2026-03-24 14:25:23.012023 | SUCCESS latency=0.0002853870391845703
2026-03-24 14:25:26.014004 | SUCCESS latency=0.0003604888916015625
2026-03-24 14:25:29.016115 | SUCCESS latency=0.00014066696166992188
2026-03-24 14:25:32.017718 | SUCCESS latency=0.0002617835998535156
2026-03-24 14:25:35.019613 | SUCCESS latency=0.00028514862060546875
2026-03-24 14:25:38.022199 | SUCCESS latency=0.0003867149353027344
2026-03-24 14:25:41.024221 | SUCCESS latency=0.0003058910369873047
2026-03-24 14:25:44.026364 | SUCCESS latency=0.00027108192443847656
2026-03-24 14:25:47.028828 | SUCCESS latency=0.0003218650817871094
2026-03-24 14:25:50.030993 | SUCCESS latency=0.0003829002380371094
2026-03-24 14:25:53.032734 | SUCCESS latency=0.00020194053649902344
2026-03-24 14:25:56.035100 | SUCCESS latency=0.00027561187744140625
2026-03-24 14:25:59.037400 | SUCCESS latency=0.0002391338348388672
2026-03-24 14:26:02.039090 | SUCCESS latency=0.00020503997802734375
2026-03-24 14:26:05.041758 | SUCCESS latency=0.00035691261291503906
2026-03-24 14:26:08.044210 | SUCCESS latency=0.0003643035888671875
2026-03-24 14:26:11.046670 | SUCCESS latency=0.0002384185791015625
2026-03-24 14:26:14.049429 | SUCCESS latency=0.0004646778106689453
2026-03-24 14:26:17.051847 | SUCCESS latency=0.00023627281188964844
2026-03-24 14:26:20.053806 | SUCCESS latency=0.0002181529998779297
2026-03-24 14:26:23.055837 | SUCCESS latency=0.00034117698669433594
2026-03-24 14:26:26.057812 | SUCCESS latency=0.00021791458129882812
2026-03-24 14:26:29.061641 | SUCCESS latency=0.0003304481506347656
2026-03-24 14:26:32.063639 | SUCCESS latency=0.00016450881958007812
2026-03-24 14:26:35.065352 | SUCCESS latency=0.00023365020751953125
2026-03-24 14:26:38.067306 | SUCCESS latency=0.00015354156494140625
2026-03-24 14:26:41.069107 | SUCCESS latency=0.00020074844360351562
2026-03-24 14:26:44.071124 | SUCCESS latency=0.00020503997802734375
2026-03-24 14:26:47.078530 | SUCCESS latency=0.0002663135528564453
2026-03-24 14:26:50.080713 | SUCCESS latency=0.0003113746643066406
2026-03-24 14:26:53.082332 | SUCCESS latency=0.000171661376953125
2026-03-24 14:26:56.084830 | SUCCESS latency=0.00027489662170410156
2026-03-24 14:26:59.087684 | SUCCESS latency=0.0004515647888183594
2026-03-24 14:27:02.089712 | SUCCESS latency=0.0002193450927734375
2026-03-24 14:27:05.092310 | SUCCESS latency=0.00028967857360839844
2026-03-24 14:27:08.094589 | SUCCESS latency=0.0002384185791015625
2026-03-24 14:27:11.096936 | SUCCESS latency=0.00022983551025390625
2026-03-24 14:27:14.099596 | SUCCESS latency=0.0003314018249511719
2026-03-24 14:27:17.101807 | SUCCESS latency=0.00031876564025878906
2026-03-24 14:27:20.104592 | SUCCESS latency=0.0004298686981201172
2026-03-24 14:27:23.107764 | SUCCESS latency=0.00043487548828125
2026-03-24 14:27:26.109926 | SUCCESS latency=0.00023293495178222656
2026-03-24 14:27:29.112980 | SUCCESS latency=0.0004749298095703125
2026-03-24 14:27:32.115620 | SUCCESS latency=0.00028514862060546875
2026-03-24 14:27:35.118131 | SUCCESS latency=0.0003268718719482422
2026-03-24 14:27:38.120696 | SUCCESS latency=0.00029778480529785156
2026-03-24 14:27:41.122602 | SUCCESS latency=0.00018143653869628906
2026-03-24 14:27:44.124776 | SUCCESS latency=0.00032591819763183594
2026-03-24 14:27:47.126928 | SUCCESS latency=0.00019979476928710938
2026-03-24 14:27:50.129166 | SUCCESS latency=0.00034332275390625
2026-03-24 14:27:53.132356 | SUCCESS latency=0.00035452842712402344
2026-03-24 14:27:56.135178 | SUCCESS latency=0.00020384788513183594
2026-03-24 14:27:59.136767 | SUCCESS latency=0.0001900196075439453
2026-03-24 14:28:02.138304 | SUCCESS latency=0.00016427040100097656
2026-03-24 14:28:05.140985 | SUCCESS latency=0.00033593177795410156
2026-03-24 14:28:08.143205 | SUCCESS latency=0.00025534629821777344
2026-03-24 14:28:11.145471 | SUCCESS latency=0.0003337860107421875
2026-03-24 14:28:14.147571 | SUCCESS latency=0.00018668174743652344
2026-03-24 14:28:17.149422 | SUCCESS latency=0.00021004676818847656
2026-03-24 14:28:20.151566 | SUCCESS latency=0.0002837181091308594
2026-03-24 14:28:23.154307 | SUCCESS latency=0.0003879070281982422
2026-03-24 14:28:26.156595 | SUCCESS latency=0.00023102760314941406
2026-03-24 14:28:29.158680 | SUCCESS latency=0.00025343894958496094
2026-03-24 14:28:32.161198 | SUCCESS latency=0.00035643577575683594
2026-03-24 14:28:35.163564 | SUCCESS latency=0.0002124309539794922
2026-03-24 14:28:38.165562 | SUCCESS latency=0.0002980232238769531
2026-03-24 14:28:41.167532 | SUCCESS latency=0.00022721290588378906
2026-03-24 14:28:44.169286 | SUCCESS latency=0.0002110004425048828
2026-03-24 14:28:47.172236 | SUCCESS latency=0.00038623809814453125
2026-03-24 14:28:50.175184 | SUCCESS latency=0.0002658367156982422
2026-03-24 14:28:53.177682 | SUCCESS latency=0.00039649009704589844
2026-03-24 14:28:56.181094 | SUCCESS latency=0.0004918575286865234
2026-03-24 14:28:59.183904 | SUCCESS latency=0.0002570152282714844
2026-03-24 14:29:02.186192 | SUCCESS latency=0.00026488304138183594
2026-03-24 14:29:05.188826 | SUCCESS latency=0.00034928321838378906
2026-03-24 14:29:08.191166 | SUCCESS latency=0.00019431114196777344
2026-03-24 14:29:11.193734 | SUCCESS latency=0.00016689300537109375
2026-03-24 14:29:14.195764 | SUCCESS latency=0.00024271011352539062
2026-03-24 14:29:17.197536 | SUCCESS latency=0.0001983642578125
2026-03-24 14:29:20.199586 | SUCCESS latency=0.00023126602172851562
2026-03-24 14:29:23.203122 | SUCCESS latency=0.00023937225341796875
2026-03-24 14:29:26.205551 | SUCCESS latency=0.0003857612609863281
2026-03-24 14:29:29.208185 | SUCCESS latency=0.00029087066650390625
2026-03-24 14:29:32.210963 | SUCCESS latency=0.0004100799560546875
2026-03-24 14:29:35.213842 | SUCCESS latency=0.00039839744567871094
2026-03-24 14:29:38.216621 | SUCCESS latency=0.00036525726318359375
2026-03-24 14:29:41.218978 | SUCCESS latency=0.00026297569274902344
2026-03-24 14:29:44.221956 | SUCCESS latency=0.00043010711669921875
2026-03-24 14:29:47.225064 | SUCCESS latency=0.0003147125244140625
2026-03-24 14:29:50.227038 | SUCCESS latency=0.00020575523376464844
2026-03-24 14:29:53.229797 | SUCCESS latency=0.00047206878662109375
2026-03-24 14:29:56.232638 | SUCCESS latency=0.00029730796813964844
2026-03-24 14:29:59.234856 | SUCCESS latency=0.0002474784851074219
2026-03-24 14:30:02.236588 | SUCCESS latency=0.00022864341735839844
2026-03-24 14:30:05.239222 | SUCCESS latency=0.0004477500915527344
2026-03-24 14:30:08.242088 | SUCCESS latency=0.0002987384796142578
2026-03-24 14:30:11.244880 | SUCCESS latency=0.000396728515625
2026-03-24 14:30:14.247399 | SUCCESS latency=0.0003905296325683594
2026-03-24 14:30:17.249606 | SUCCESS latency=0.0002040863037109375
2026-03-24 14:30:20.251369 | SUCCESS latency=0.00023031234741210938
2026-03-24 14:30:23.254388 | SUCCESS latency=0.0003521442413330078
2026-03-24 14:30:26.256927 | SUCCESS latency=0.0003139972686767578
2026-03-24 14:30:29.258988 | SUCCESS latency=0.00024366378784179688
2026-03-24 14:30:32.262070 | SUCCESS latency=0.00042176246643066406
2026-03-24 14:30:35.264788 | SUCCESS latency=0.00035643577575683594
2026-03-24 14:30:38.267267 | SUCCESS latency=0.00025391578674316406
2026-03-24 14:30:41.269497 | SUCCESS latency=0.000232696533203125
2026-03-24 14:30:44.271205 | SUCCESS latency=0.00017404556274414062
2026-03-24 14:30:47.273709 | SUCCESS latency=0.00027370452880859375
2026-03-24 14:30:50.275322 | SUCCESS latency=0.00019550323486328125
2026-03-24 14:30:53.277136 | SUCCESS latency=0.0002455711364746094
2026-03-24 14:30:56.279407 | SUCCESS latency=0.00036072731018066406
2026-03-24 14:30:59.282177 | SUCCESS latency=0.00042891502380371094
2026-03-24 14:31:02.285283 | SUCCESS latency=0.00044083595275878906
2026-03-24 14:31:05.287330 | SUCCESS latency=0.0002498626708984375
2026-03-24 14:31:08.289527 | SUCCESS latency=0.0003802776336669922
2026-03-27 01:15:50.734093 | REJECTED RELAY ATTACK latency=0.3005547523498535
2026-03-27 01:16:50.523442 | REJECTED RELAY ATTACK latency=0.3005657196044922
2026-03-27 01:17:23.256104 | REJECTED RELAY ATTACK latency=0.30062055587768555
2026-03-27 01:17:41.549949 | REJECTED INVALID HMAC latency=0.0001800060272216797
2026-03-27 01:21:20.231025 | REJECTED REPLAY ATTACK latency=8.20159912109375e-05
2026-03-27 01:21:23.233510 | REJECTED REPLAY ATTACK latency=0.00035071372985839844
2026-03-27 01:21:26.235935 | REJECTED REPLAY ATTACK latency=0.00026535987854003906
2026-03-27 01:21:57.357709 | REJECTED RELAY ATTACK latency=3.000690221786499
2026-03-27 01:22:03.360586 | REJECTED RELAY ATTACK latency=3.0008809566497803
2026-03-27 01:22:03.362795 | REJECTED REPLAY ATTACK latency=0.0002472400665283203
2026-03-27 01:22:09.363381 | REJECTED RELAY ATTACK latency=3.0006260871887207
2026-03-27 01:22:09.366018 | REJECTED REPLAY ATTACK latency=0.0005125999450683594
2026-03-27 01:22:15.366415 | REJECTED RELAY ATTACK latency=3.0006022453308105
2026-03-27 01:22:15.367895 | REJECTED REPLAY ATTACK latency=0.0001633167266845703
2026-03-27 01:22:21.369286 | REJECTED RELAY ATTACK latency=3.0009608268737793
2026-03-27 01:22:21.371724 | REJECTED REPLAY ATTACK latency=0.00019288063049316406
2026-03-27 01:22:27.373168 | REJECTED RELAY ATTACK latency=3.000999689102173
2026-03-27 01:22:27.376097 | REJECTED REPLAY ATTACK latency=0.00023937225341796875
2026-03-27 01:22:33.375380 | REJECTED RELAY ATTACK latency=3.000648260116577
2026-03-27 01:22:33.376725 | REJECTED REPLAY ATTACK latency=9.894371032714844e-05
2026-03-27 01:22:39.378472 | REJECTED RELAY ATTACK latency=3.0005881786346436
2026-03-27 01:22:39.380065 | REJECTED REPLAY ATTACK latency=0.0001952648162841797
2026-03-27 01:22:45.381945 | REJECTED RELAY ATTACK latency=3.000800371170044
2026-03-27 01:22:45.384536 | REJECTED REPLAY ATTACK latency=0.0003361701965332031
2026-03-27 01:22:51.384808 | REJECTED RELAY ATTACK latency=3.0007615089416504
2026-03-27 01:22:51.387355 | REJECTED REPLAY ATTACK latency=0.00025534629821777344
2026-03-27 01:22:57.388509 | REJECTED RELAY ATTACK latency=3.0006682872772217
2026-03-27 01:22:57.390990 | REJECTED REPLAY ATTACK latency=0.0003514289855957031
2026-03-27 01:23:03.391777 | REJECTED RELAY ATTACK latency=3.000746250152588
2026-03-27 01:23:03.394415 | REJECTED REPLAY ATTACK latency=0.00030112266540527344
2026-03-27 01:23:09.395044 | REJECTED RELAY ATTACK latency=3.0010058879852295
2026-03-27 01:23:09.397462 | REJECTED REPLAY ATTACK latency=0.00033593177795410156
2026-03-27 01:23:15.398028 | REJECTED RELAY ATTACK latency=3.0009801387786865
2026-03-27 01:23:15.399672 | REJECTED REPLAY ATTACK latency=0.00011396408081054688
2026-03-27 01:23:21.401212 | REJECTED RELAY ATTACK latency=3.000887632369995
2026-03-27 01:23:21.403948 | REJECTED REPLAY ATTACK latency=0.0004475116729736328
2026-03-27 01:23:27.403851 | REJECTED RELAY ATTACK latency=3.000513792037964
2026-03-27 01:23:27.406735 | REJECTED REPLAY ATTACK latency=0.000186920166015625
2026-03-27 01:23:33.406650 | REJECTED RELAY ATTACK latency=3.000678777694702
2026-03-27 01:23:33.408778 | REJECTED REPLAY ATTACK latency=0.0002491474151611328
2026-03-27 01:23:39.409026 | REJECTED RELAY ATTACK latency=3.0003225803375244
2026-03-27 01:23:39.410308 | REJECTED REPLAY ATTACK latency=9.965896606445312e-05
2026-03-27 01:23:45.411634 | REJECTED RELAY ATTACK latency=3.0008041858673096
2026-03-27 01:23:45.413787 | REJECTED REPLAY ATTACK latency=0.0002868175506591797
2026-03-27 01:23:51.414632 | REJECTED RELAY ATTACK latency=3.000654935836792
2026-03-27 01:23:51.417163 | REJECTED REPLAY ATTACK latency=0.0003399848937988281
2026-03-27 01:23:57.418380 | REJECTED RELAY ATTACK latency=3.001054048538208
2026-03-27 01:23:57.420822 | REJECTED REPLAY ATTACK latency=0.00024318695068359375
2026-03-27 01:24:03.421991 | REJECTED RELAY ATTACK latency=3.000840663909912
2026-03-27 01:24:03.424814 | REJECTED REPLAY ATTACK latency=0.0002930164337158203
2026-03-27 01:24:09.424985 | REJECTED RELAY ATTACK latency=3.0006155967712402
2026-03-27 01:24:09.427596 | REJECTED REPLAY ATTACK latency=0.00031948089599609375
2026-03-27 01:24:15.427762 | REJECTED RELAY ATTACK latency=3.000441551208496
2026-03-27 01:24:15.430026 | REJECTED REPLAY ATTACK latency=0.0002644062042236328
2026-03-27 01:24:21.431028 | REJECTED RELAY ATTACK latency=3.0009000301361084
2026-03-27 01:24:21.433952 | REJECTED REPLAY ATTACK latency=0.0004227161407470703
2026-03-27 01:24:27.434024 | REJECTED RELAY ATTACK latency=3.00111722946167
2026-03-27 01:24:27.437175 | REJECTED REPLAY ATTACK latency=0.00023484230041503906
2026-03-27 01:24:33.436512 | REJECTED RELAY ATTACK latency=3.000702142715454
2026-03-27 01:24:33.438620 | REJECTED REPLAY ATTACK latency=0.00012063980102539062
2026-03-27 01:24:39.438953 | REJECTED RELAY ATTACK latency=3.0004613399505615
2026-03-27 01:24:39.441093 | REJECTED REPLAY ATTACK latency=0.0002636909484863281
2026-03-27 01:24:45.441609 | REJECTED RELAY ATTACK latency=3.00110125541687
2026-03-27 01:24:45.443084 | REJECTED REPLAY ATTACK latency=0.00025725364685058594
2026-03-27 01:24:51.445687 | REJECTED RELAY ATTACK latency=3.000920295715332
2026-03-27 01:24:51.448492 | REJECTED REPLAY ATTACK latency=0.0004990100860595703
2026-03-27 01:24:57.448964 | REJECTED RELAY ATTACK latency=3.0006818771362305
2026-03-27 01:24:57.451270 | REJECTED REPLAY ATTACK latency=0.0003266334533691406
2026-03-27 01:25:03.451307 | REJECTED RELAY ATTACK latency=3.0004587173461914
2026-03-27 01:25:03.453332 | REJECTED REPLAY ATTACK latency=0.0002751350402832031
2026-03-27 01:25:09.453543 | REJECTED RELAY ATTACK latency=3.0005836486816406
2026-03-27 01:25:09.455569 | REJECTED REPLAY ATTACK latency=0.00018143653869628906
2026-03-27 01:25:15.456668 | REJECTED RELAY ATTACK latency=3.0007741451263428
2026-03-27 01:25:15.459494 | REJECTED REPLAY ATTACK latency=0.0004024505615234375
2026-03-27 01:25:21.459343 | REJECTED RELAY ATTACK latency=3.000566244125366
2026-03-27 01:25:21.461362 | REJECTED REPLAY ATTACK latency=0.0002028942108154297
2026-03-27 01:25:27.462400 | REJECTED RELAY ATTACK latency=3.000776767730713
2026-03-27 01:25:27.463817 | REJECTED REPLAY ATTACK latency=0.00021600723266601562
2026-03-27 01:25:33.465537 | REJECTED RELAY ATTACK latency=3.000931978225708
2026-03-27 01:25:33.467944 | REJECTED REPLAY ATTACK latency=0.00036525726318359375
2026-03-27 01:25:39.468490 | REJECTED RELAY ATTACK latency=3.000563859939575
2026-03-27 01:25:39.470125 | REJECTED REPLAY ATTACK latency=0.00021314620971679688
2026-03-27 01:25:45.471016 | REJECTED RELAY ATTACK latency=3.000697612762451
2026-03-27 01:25:45.473425 | REJECTED REPLAY ATTACK latency=0.00034236907958984375
2026-03-27 01:25:51.474133 | REJECTED RELAY ATTACK latency=3.000897169113159
2026-03-27 01:25:51.475575 | REJECTED REPLAY ATTACK latency=0.00013136863708496094
2026-03-27 01:25:57.477618 | REJECTED RELAY ATTACK latency=3.0008363723754883
2026-03-27 01:25:57.480269 | REJECTED REPLAY ATTACK latency=0.00031638145446777344
2026-03-27 01:26:03.480801 | REJECTED RELAY ATTACK latency=3.0008656978607178
2026-03-27 01:26:03.483366 | REJECTED REPLAY ATTACK latency=0.00037217140197753906
2026-03-27 01:26:09.483909 | REJECTED RELAY ATTACK latency=3.00097918510437
2026-03-27 01:26:09.486395 | REJECTED REPLAY ATTACK latency=0.0004088878631591797
2026-03-27 01:26:15.487286 | REJECTED RELAY ATTACK latency=3.0009067058563232
2026-03-27 01:26:15.489603 | REJECTED REPLAY ATTACK latency=0.0002512931823730469
2026-03-27 01:26:21.490435 | REJECTED RELAY ATTACK latency=3.0008556842803955
2026-03-27 01:26:21.493042 | REJECTED REPLAY ATTACK latency=0.0002949237823486328
2026-03-27 01:26:27.493082 | REJECTED RELAY ATTACK latency=3.000440835952759
2026-03-27 01:26:27.494966 | REJECTED REPLAY ATTACK latency=0.00025153160095214844
2026-03-27 01:26:33.495457 | REJECTED RELAY ATTACK latency=3.0005674362182617
2026-03-27 01:26:33.497084 | REJECTED REPLAY ATTACK latency=0.00024127960205078125
2026-03-27 01:26:39.498231 | REJECTED RELAY ATTACK latency=3.0011305809020996
2026-03-27 01:26:39.499891 | REJECTED REPLAY ATTACK latency=0.00017595291137695312
2026-03-27 01:26:45.500456 | REJECTED RELAY ATTACK latency=3.000706434249878
2026-03-27 01:26:45.502037 | REJECTED REPLAY ATTACK latency=0.00021839141845703125
2026-03-27 01:26:51.503494 | REJECTED RELAY ATTACK latency=3.0006916522979736
2026-03-27 01:26:51.505936 | REJECTED REPLAY ATTACK latency=0.00024080276489257812
2026-03-27 01:26:57.505032 | REJECTED RELAY ATTACK latency=3.0004141330718994
2026-03-27 01:26:57.506994 | REJECTED REPLAY ATTACK latency=0.0003230571746826172
2026-03-27 01:27:03.507126 | REJECTED RELAY ATTACK latency=3.0003137588500977
2026-03-27 01:27:03.509067 | REJECTED REPLAY ATTACK latency=0.0001506805419921875
2026-03-27 01:27:09.509107 | REJECTED RELAY ATTACK latency=3.000636577606201
2026-03-27 01:27:09.510589 | REJECTED REPLAY ATTACK latency=0.0001552104949951172
2026-03-27 01:27:15.511369 | REJECTED RELAY ATTACK latency=3.0005834102630615
2026-03-27 01:27:15.513517 | REJECTED REPLAY ATTACK latency=0.00017499923706054688
2026-03-27 01:27:21.515040 | REJECTED RELAY ATTACK latency=3.0010409355163574
2026-03-27 01:27:21.517492 | REJECTED REPLAY ATTACK latency=0.0002715587615966797
2026-03-27 01:27:27.518084 | REJECTED RELAY ATTACK latency=3.001023054122925
2026-03-27 01:27:27.519602 | REJECTED REPLAY ATTACK latency=0.00016736984252929688
2026-03-27 01:27:33.520561 | REJECTED RELAY ATTACK latency=3.0005910396575928
2026-03-27 01:27:33.522860 | REJECTED REPLAY ATTACK latency=0.0001888275146484375
2026-03-27 01:27:39.523587 | REJECTED RELAY ATTACK latency=3.000950336456299
2026-03-27 01:27:39.525299 | REJECTED REPLAY ATTACK latency=0.00018906593322753906
2026-03-27 01:27:45.526586 | REJECTED RELAY ATTACK latency=3.0005176067352295
2026-03-27 01:27:45.528420 | REJECTED REPLAY ATTACK latency=0.0002703666687011719
2026-03-27 01:27:51.529656 | REJECTED RELAY ATTACK latency=3.0010039806365967
2026-03-27 01:27:51.531099 | REJECTED REPLAY ATTACK latency=0.000213623046875
2026-03-27 01:27:57.532263 | REJECTED RELAY ATTACK latency=3.0006728172302246
2026-03-27 01:27:57.534615 | REJECTED REPLAY ATTACK latency=0.00012874603271484375
2026-03-27 01:28:03.535206 | REJECTED RELAY ATTACK latency=3.000746726989746
2026-03-27 01:28:03.537417 | REJECTED REPLAY ATTACK latency=0.00017261505126953125
2026-03-27 01:28:09.538511 | REJECTED RELAY ATTACK latency=3.000998020172119
2026-03-27 01:28:09.541015 | REJECTED REPLAY ATTACK latency=0.00038504600524902344
2026-03-27 01:28:15.540744 | REJECTED RELAY ATTACK latency=3.000821113586426
2026-03-27 01:28:15.542693 | REJECTED REPLAY ATTACK latency=0.00022411346435546875
2026-03-27 01:28:21.543468 | REJECTED RELAY ATTACK latency=3.000636577606201
2026-03-27 01:28:21.545957 | REJECTED REPLAY ATTACK latency=0.00020742416381835938
2026-03-27 01:28:27.546728 | REJECTED RELAY ATTACK latency=3.000791072845459
2026-03-27 01:28:27.549300 | REJECTED REPLAY ATTACK latency=0.0003330707550048828
2026-03-27 01:28:33.549173 | REJECTED RELAY ATTACK latency=3.000262975692749
2026-03-27 01:28:33.550864 | REJECTED REPLAY ATTACK latency=0.0002620220184326172
2026-03-27 01:28:39.568279 | REJECTED RELAY ATTACK latency=3.0007574558258057
2026-03-27 01:28:39.569778 | REJECTED REPLAY ATTACK latency=0.0001087188720703125
